  Compiling CUDA source file transform_op_kerenl_call.cu...
  Compiling CUDA source file transform_op_kernel.cu...
  
  C:\Users\DJChoi\source\repos\DepthToPCD_Automation\DepthToPCD_Automation>"C:\Program Files\NVIDIA GPU Computing Toolkit\CUDA\v11.6\bin\nvcc.exe" -gencode=arch=compute_52,code=\"sm_52,compute_52\" --use-local-env -ccbin "C:\Program Files (x86)\Microsoft Visual Studio\2019\Professional\VC\Tools\MSVC\14.29.30133\bin\HostX86\x64" -x cu   -I"C:\Program Files\NVIDIA GPU Computing Toolkit\CUDA\v11.6\include" -IC:\opencv\build\include -I"C:\Program Files\NVIDIA GPU Computing Toolkit\CUDA\v11.6\include"  -G   --keep-dir x64\Debug  -maxrregcount=0  --machine 64 --compile -cudart static  -g  -D_DEBUG -D_CONSOLE -D_UNICODE -DUNICODE -Xcompiler "/EHsc /W3 /nologo /Od /Fdx64\Debug\vc142.pdb /FS /Zi /RTC1 /MDd " -o C:\Users\DJChoi\source\repos\DepthToPCD_Automation\DepthToPCD_Automation\x64\Debug\transform_op_kerenl_call.cu.obj "C:\Users\DJChoi\source\repos\DepthToPCD_Automation\DepthToPCD_Automation\transform_op_kerenl_call.cu" 
  
  C:\Users\DJChoi\source\repos\DepthToPCD_Automation\DepthToPCD_Automation>"C:\Program Files\NVIDIA GPU Computing Toolkit\CUDA\v11.6\bin\nvcc.exe" -gencode=arch=compute_52,code=\"sm_52,compute_52\" --use-local-env -ccbin "C:\Program Files (x86)\Microsoft Visual Studio\2019\Professional\VC\Tools\MSVC\14.29.30133\bin\HostX86\x64" -x cu   -I"C:\Program Files\NVIDIA GPU Computing Toolkit\CUDA\v11.6\include" -IC:\opencv\build\include -I"C:\Program Files\NVIDIA GPU Computing Toolkit\CUDA\v11.6\include"  -G   --keep-dir x64\Debug  -maxrregcount=0  --machine 64 --compile -cudart static  -g  -D_DEBUG -D_CONSOLE -D_UNICODE -DUNICODE -Xcompiler "/EHsc /W3 /nologo /Od /Fdx64\Debug\vc142.pdb /FS /Zi /RTC1 /MDd " -o C:\Users\DJChoi\source\repos\DepthToPCD_Automation\DepthToPCD_Automation\x64\Debug\transform_op_kernel.cu.obj "C:\Users\DJChoi\source\repos\DepthToPCD_Automation\DepthToPCD_Automation\transform_op_kernel.cu" 
C:\opencv\build\include\opencv2/stitching/detail/warpers.hpp(213): warning #611-D: overloaded virtual function "cv::detail::PlaneWarper::buildMaps" is only partially overridden in class "cv::detail::AffineWarper"
  
C:\opencv\build\include\opencv2/stitching/detail/warpers.hpp(213): warning #611-D: overloaded virtual function "cv::detail::PlaneWarper::warp" is only partially overridden in class "cv::detail::AffineWarper"
  
C:\opencv\build\include\opencv2/stitching/detail/warpers.hpp(213): warning #611-D: overloaded virtual function "cv::detail::PlaneWarper::buildMaps" is only partially overridden in class "cv::detail::AffineWarper"
  
C:\opencv\build\include\opencv2/stitching/detail/warpers.hpp(213): warning #611-D: overloaded virtual function "cv::detail::PlaneWarper::warp" is only partially overridden in class "cv::detail::AffineWarper"
  
C:\opencv\build\include\opencv2/videostab/motion_stabilizing.hpp(106): warning #997-D: function "cv::videostab::IMotionStabilizer::stabilize(int, const std::vector<cv::Mat, std::allocator<cv::Mat>> &, std::pair<int, int>, cv::Mat *)" is hidden by "cv::videostab::GaussianMotionFilter::stabilize" -- virtual function override intended?
  
C:\Users\DJChoi\source\repos\DepthToPCD_Automation\DepthToPCD_Automation\transform_op_kerenl_call.cu(113): warning #1765-D: "delete" applied to a pointer-to-array type treated as delete[]
  
C:\Users\DJChoi\source\repos\DepthToPCD_Automation\DepthToPCD_Automation\transform_op_kerenl_call.cu(90): warning #177-D: variable "pixel_size" was declared but never referenced
  
C:\opencv\build\include\opencv2/videostab/motion_stabilizing.hpp(106): warning #997-D: function "cv::videostab::IMotionStabilizer::stabilize(int, const std::vector<cv::Mat, std::allocator<cv::Mat>> &, std::pair<int, int>, cv::Mat *)" is hidden by "cv::videostab::GaussianMotionFilter::stabilize" -- virtual function override intended?
  
C:\opencv\build\include\opencv2/stitching/detail/warpers.hpp(213): warning #611-D: overloaded virtual function "cv::detail::PlaneWarper::buildMaps" is only partially overridden in class "cv::detail::AffineWarper"
  
C:\opencv\build\include\opencv2/stitching/detail/warpers.hpp(213): warning #611-D: overloaded virtual function "cv::detail::PlaneWarper::warp" is only partially overridden in class "cv::detail::AffineWarper"
  
C:\opencv\build\include\opencv2/stitching/detail/warpers.hpp(213): warning #611-D: overloaded virtual function "cv::detail::PlaneWarper::buildMaps" is only partially overridden in class "cv::detail::AffineWarper"
  
C:\opencv\build\include\opencv2/stitching/detail/warpers.hpp(213): warning #611-D: overloaded virtual function "cv::detail::PlaneWarper::warp" is only partially overridden in class "cv::detail::AffineWarper"
  
C:\opencv\build\include\opencv2/videostab/motion_stabilizing.hpp(106): warning #997-D: function "cv::videostab::IMotionStabilizer::stabilize(int, const std::vector<cv::Mat, std::allocator<cv::Mat>> &, std::pair<int, int>, cv::Mat *)" is hidden by "cv::videostab::GaussianMotionFilter::stabilize" -- virtual function override intended?
  
C:\opencv\build\include\opencv2/videostab/motion_stabilizing.hpp(106): warning #997-D: function "cv::videostab::IMotionStabilizer::stabilize(int, const std::vector<cv::Mat, std::allocator<cv::Mat>> &, std::pair<int, int>, cv::Mat *)" is hidden by "cv::videostab::GaussianMotionFilter::stabilize" -- virtual function override intended?
  
C:\Users\DJChoi\source\repos\DepthToPCD_Automation\DepthToPCD_Automation\transform_op_kerenl_call.cu(113): warning #1765-D: "delete" applied to a pointer-to-array type treated as delete[]
  
  transform_op_kerenl_call.cu
  transform_op_kernel.cu
C:\Users\DJChoi\source\repos\DepthToPCD_Automation\DepthToPCD_Automation\transform_op_kerenl_call.cu(12): warning C4244: '초기화 중': 'float'에서 'int'(으)로 변환하면서 데이터가 손실될 수 있습니다.
C:\Users\DJChoi\source\repos\DepthToPCD_Automation\DepthToPCD_Automation\transform_op_kerenl_call.cu(112): warning C4156: 'delete' 배열 형식을 사용하지 않고 배열 식을 삭제했습니다. 배열 형식이 대체됩니다.
C:\Users\DJChoi\source\repos\DepthToPCD_Automation\DepthToPCD_Automation\transform_op_kerenl_call.cu(112): warning C4154: 배열 식을 삭제했습니다. 포인터로 변환이 제공됩니다.
C:\Users\DJChoi\source\repos\DepthToPCD_Automation\DepthToPCD_Automation\transform_op_kerenl_call.cu(113): warning C4154: 배열 식을 삭제했습니다. 포인터로 변환이 제공됩니다.
  main.cpp
     C:\Users\DJChoi\source\repos\DepthToPCD_Automation\x64\Debug\DepthToPCD_Automation.lib 라이브러리 및 C:\Users\DJChoi\source\repos\DepthToPCD_Automation\x64\Debug\DepthToPCD_Automation.exp 개체를 생성하고 있습니다.
  DepthToPCD_Automation.vcxproj -> C:\Users\DJChoi\source\repos\DepthToPCD_Automation\x64\Debug\DepthToPCD_Automation.exe
