c:\users\djchoi\source\repos\depthtopcd_automation\depthtopcd_automation\x64\debug\vc142.pdb
c:\users\djchoi\source\repos\depthtopcd_automation\depthtopcd_automation\x64\debug\vc142.idb
c:\users\djchoi\source\repos\depthtopcd_automation\depthtopcd_automation\x64\debug\main.obj
c:\users\djchoi\source\repos\depthtopcd_automation\depthtopcd_automation\x64\debug\transform_op_kerenl_call.cu.obj
c:\users\djchoi\source\repos\depthtopcd_automation\depthtopcd_automation\x64\debug\transform_op_kernel.cu.obj
c:\users\djchoi\source\repos\depthtopcd_automation\x64\debug\depthtopcd_automation.lib
c:\users\djchoi\source\repos\depthtopcd_automation\x64\debug\depthtopcd_automation.exp
c:\users\djchoi\source\repos\depthtopcd_automation\x64\debug\depthtopcd_automation.exe
c:\users\djchoi\source\repos\depthtopcd_automation\depthtopcd_automation\x64\debug\depthtopcd_automation.ilk
c:\users\djchoi\source\repos\depthtopcd_automation\x64\debug\depthtopcd_automation.pdb
c:\users\djchoi\source\repos\depthtopcd_automation\depthtopcd_automation\x64\debug\transform_op_kerenl_call.cu.cache
c:\users\djchoi\source\repos\depthtopcd_automation\depthtopcd_automation\x64\debug\transform_op_kernel.cu.cache
c:\users\djchoi\source\repos\depthtopcd_automation\depthtopcd_automation\x64\debug\depthtop.22507699.tlog\cl.command.1.tlog
c:\users\djchoi\source\repos\depthtopcd_automation\depthtopcd_automation\x64\debug\depthtop.22507699.tlog\cl.read.1.tlog
c:\users\djchoi\source\repos\depthtopcd_automation\depthtopcd_automation\x64\debug\depthtop.22507699.tlog\cl.write.1.tlog
c:\users\djchoi\source\repos\depthtopcd_automation\depthtopcd_automation\x64\debug\depthtop.22507699.tlog\cudacompile.read.1u.tlog
c:\users\djchoi\source\repos\depthtopcd_automation\depthtopcd_automation\x64\debug\depthtop.22507699.tlog\cudacompile.write.1u.tlog
c:\users\djchoi\source\repos\depthtopcd_automation\depthtopcd_automation\x64\debug\depthtop.22507699.tlog\depthtopcd_automation.write.1u.tlog
c:\users\djchoi\source\repos\depthtopcd_automation\depthtopcd_automation\x64\debug\depthtop.22507699.tlog\link.command.1.tlog
c:\users\djchoi\source\repos\depthtopcd_automation\depthtopcd_automation\x64\debug\depthtop.22507699.tlog\link.read.1.tlog
c:\users\djchoi\source\repos\depthtopcd_automation\depthtopcd_automation\x64\debug\depthtop.22507699.tlog\link.write.1.tlog
